nohup: ignoring input
yarn run v1.22.22
$ expo start
Starting project at /home/julio/src/capsula
Starting Metro Bundler
The following packages should be updated for best compatibility with the installed expo version:
  @react-native-async-storage/async-storage@2.2.0 - expected version: 2.1.2
  react-native-reanimated@4.0.1 - expected version: ~3.17.4
  react-native-safe-area-context@5.5.2 - expected version: 5.4.0
Your project may not work correctly until you install the expected versions of the packages.
Waiting on http://localhost:8081
Logs for your project will appear below.
Web ./index.js ░░░░░░░░░░░░░░░░  0.0% (0/1)
| [Reanimated] Seems like you are using a Babel plugin `react-native-reanimated/plugin`. It was moved to `react-native-worklets` package. Please use `react-native-worklets/plugin` instead.
 WARN  Attempted to import the module "/home/julio/src/capsula/node_modules/@noble/hashes/crypto.js" which is not listed in the "exports" of "/home/julio/src/capsula/node_modules/@noble/hashes" under the requested subpath "./crypto.js". Falling back to file-based resolution. Consider updating the call site or asking the package maintainer(s) to expose this API.
Web Bundled 1068ms index.js (410 modules)
Web ./index.js ░░░░░░░░░░░░░░░░  0.0% (0/1)
Web Bundled 33ms index.js (1 module)
Web ./index.js ░░░░░░░░░░░░░░░░  0.0% (0/1)
Web Bundled 24ms index.js (1 module)
Web ./index.js ░░░░░░░░░░░░░░░░  0.0% (0/1)
Web Bundled 25ms index.js (1 module)
Web ./index.js ░░░░░░░░░░░░░░░░  0.0% (0/1)
Web Bundled 22ms index.js (1 module)
Web ./index.js ░░░░░░░░░░░░░░░░  0.0% (0/1)
Web Bundled 25ms index.js (1 module)
Web ./index.js ░░░░░░░░░░░░░░░░  0.0% (0/1)
Web Bundled 23ms index.js (1 module)
Web ./index.js ░░░░░░░░░░░░░░░░  0.0% (0/1)
Web Bundled 24ms index.js (1 module)
Web ./index.js ░░░░░░░░░░░░░░░░  0.0% (0/1)
Web Bundled 23ms index.js (1 module)
